<?xml version="1.0" encoding="UTF-8"?>
<!-- Generated by org.testng.reporters.JUnitReportReporter -->
<testsuite hostname="LAPTOP-OR2KO8HI" failures="0" tests="2" name="pack1.ClassA" time="0.002" errors="0" timestamp="2025-02-26T17:43:29 IST" skipped="0">
  <testcase classname="pack1.ClassA" name="test1" time="0.001"/>
  <testcase classname="pack1.ClassA" name="test2" time="0.001"/>
</testsuite> <!-- pack1.ClassA -->
