<?xml version="1.0" encoding="UTF-8"?>
<!-- Generated by org.testng.reporters.JUnitReportReporter -->
<testsuite hostname="LAPTOP-OR2KO8HI" failures="0" tests="2" name="pack2.ClassB" time="0.040" errors="0" timestamp="2025-02-27T10:32:42 IST" skipped="0">
  <testcase classname="pack2.ClassB" name="testc" time="0.004"/>
  <testcase classname="pack2.ClassB" name="testb" time="0.036"/>
</testsuite> <!-- pack2.ClassB -->
