<?xml version="1.0" encoding="UTF-8"?>
<!-- Generated by org.testng.reporters.JUnitReportReporter -->
<testsuite hostname="LAPTOP-OR2KO8HI" failures="0" tests="1" name="pack1.Class1" time="0.003" errors="0" timestamp="2025-02-27T10:32:42 IST" skipped="0">
  <testcase classname="pack1.Class1" name="class1" time="0.003"/>
</testsuite> <!-- pack1.Class1 -->
